[debug] [2024-05-01T17:39:00.843Z] ----------------------------------------------------------------------
[debug] [2024-05-01T17:39:00.848Z] Command:       C:\Program Files\nodejs\node.exe C:\Users\tanma\AppData\Roaming\npm\node_modules\firebase-tools\lib\bin\firebase.js init
[debug] [2024-05-01T17:39:00.848Z] CLI Version:   13.7.5
[debug] [2024-05-01T17:39:00.849Z] Platform:      win32
[debug] [2024-05-01T17:39:00.849Z] Node Version:  v20.3.0
[debug] [2024-05-01T17:39:00.849Z] Time:          Wed May 01 2024 23:09:00 GMT+0530 (India Standard Time)
[debug] [2024-05-01T17:39:00.849Z] ----------------------------------------------------------------------
[debug] 
[debug] [2024-05-01T17:39:00.854Z] >>> [apiv2][query] GET https://firebase-public.firebaseio.com/cli.json [none]
[debug] [2024-05-01T17:39:00.933Z] > command requires scopes: ["email","openid","https://www.googleapis.com/auth/cloudplatformprojects.readonly","https://www.googleapis.com/auth/firebase","https://www.googleapis.com/auth/cloud-platform"]
[debug] [2024-05-01T17:39:00.933Z] > authorizing via signed-in user (tanmaygotmare@gmail.com)
[info] 
     ######## #### ########  ######## ########     ###     ######  ########
     ##        ##  ##     ## ##       ##     ##  ##   ##  ##       ##
     ######    ##  ########  ######   ########  #########  ######  ######
     ##        ##  ##    ##  ##       ##     ## ##     ##       ## ##
     ##       #### ##     ## ######## ########  ##     ##  ######  ########

You're about to initialize a Firebase project in this directory:

  C:\Users\tanma\OneDrive\Desktop\nexus login\login-nexus

[debug] [2024-05-01T17:39:01.633Z] <<< [apiv2][status] GET https://firebase-public.firebaseio.com/cli.json 200
[debug] [2024-05-01T17:39:01.634Z] <<< [apiv2][body] GET https://firebase-public.firebaseio.com/cli.json {"cloudBuildErrorAfter":1594252800000,"cloudBuildWarnAfter":1590019200000,"defaultNode10After":1594252800000,"minVersion":"3.0.5","node8DeploysDisabledAfter":1613390400000,"node8RuntimeDisabledAfter":1615809600000,"node8WarnAfter":1600128000000}
